<?xml version="1.0" encoding="UTF-8"?>
<testng-results skipped="0" failed="0" ignored="0" total="1" passed="1">
  <reporter-output>
  </reporter-output>
  <suite name="Default suite" duration-ms="12936" started-at="2017-09-27T03:55:29Z" finished-at="2017-09-27T03:55:41Z">
    <groups>
    </groups>
    <test name="Default test" duration-ms="12936" started-at="2017-09-27T03:55:29Z" finished-at="2017-09-27T03:55:41Z">
      <class name="com.test.ecommerce.TestCase1">
        <test-method status="PASS" signature="setUp()[pri:0, instance:com.test.ecommerce.TestCase1@3532ec19]" name="setUp" is-config="true" duration-ms="4877" started-at="2017-09-26T20:55:29Z" finished-at="2017-09-26T20:55:33Z">
          <reporter-output>
          </reporter-output>
        </test-method> <!-- setUp -->
        <test-method status="PASS" signature="testDay1TestCase1()[pri:0, instance:com.test.ecommerce.TestCase1@3532ec19]" name="testDay1TestCase1" duration-ms="6341" started-at="2017-09-26T20:55:33Z" finished-at="2017-09-26T20:55:40Z">
          <reporter-output>
          </reporter-output>
        </test-method> <!-- testDay1TestCase1 -->
        <test-method status="PASS" signature="tearDown()[pri:0, instance:com.test.ecommerce.TestCase1@3532ec19]" name="tearDown" is-config="true" duration-ms="1698" started-at="2017-09-26T20:55:40Z" finished-at="2017-09-26T20:55:41Z">
          <reporter-output>
          </reporter-output>
        </test-method> <!-- tearDown -->
      </class> <!-- com.test.ecommerce.TestCase1 -->
    </test> <!-- Default test -->
  </suite> <!-- Default suite -->
</testng-results>
